<?xml version="1.0" encoding="UTF-8"?>
<!-- Generated by org.testng.reporters.JUnitReportReporter -->
<testsuite skipped="0" hostname="BALAGANESH" name="com.youthhub.YH.tests.Homepagestest" tests="2" failures="0" timestamp="2019-08-29T19:07:46 IST" time="44.195" errors="0">
  <testcase name="loginPageTitletest" time="0.076" classname="com.youthhub.YH.tests.Homepagestest"/>
  <testcase name="loginTest" time="44.119" classname="com.youthhub.YH.tests.Homepagestest"/>
</testsuite> <!-- com.youthhub.YH.tests.Homepagestest -->
